<?xml version="1.0" encoding="UTF-8"?>
<testng-results skipped="0" failed="1" ignored="0" total="1" passed="0">
  <reporter-output>
    <line>
      <![CDATA[<b>INFO: </b>1. Navigate to 'https://www.vietjetair.com/Sites/Web/en-US/Home'.]]>
    </line>
    <line>
      <![CDATA[<b>INFO: </b>*** Test execution TC01 failed...]]>
    </line>
    <line>
      <![CDATA[<b>INFO: </b>TC01 failed!]]>
    </line>
    <line>
      <![CDATA[<b>INFO: </b>D:\03_Training\01_Selenium Java\Level3\SeleniumJava\SeleniumLevel3\TestReport\screenshots\50c8c00a-41c0-42e4-b965-1e58e82e95e9.png]]>
    </line>
    <line>
      <![CDATA[<b>INFO: </b>50c8c00a-41c0-42e4-b965-1e58e82e95e9]]>
    </line>
    <line>
      <![CDATA[<b>INFO: </b>D:\03_Training\01_Selenium Java\Level3\SeleniumJava\SeleniumLevel3\TestReport\screenshots]]>
    </line>
  </reporter-output>
  <suite name="Suite" duration-ms="9373" started-at="2020-03-17T14:00:01 ICT" finished-at="2020-03-17T14:00:10 ICT">
    <groups>
    </groups>
    <test name="Run Chrome" duration-ms="9373" started-at="2020-03-17T14:00:01 ICT" finished-at="2020-03-17T14:00:10 ICT">
      <class name="tests.VietJet.TS_VietJet_ThanhTestReport">
        <test-method status="PASS" signature="beforeMethod(java.lang.String, java.lang.String, java.lang.String)[pri:0, instance:tests.VietJet.TS_VietJet_ThanhTestReport@6acdbdf5]" name="beforeMethod" is-config="true" duration-ms="6736" started-at="2020-03-17T14:00:01 ICT" finished-at="2020-03-17T14:00:08 ICT">
          <params>
            <param index="0">
              <value>
                <![CDATA[chrome.local]]>
              </value>
            </param>
            <param index="1">
              <value>
                <![CDATA[any]]>
              </value>
            </param>
            <param index="2">
              <value>
                <![CDATA[https://www.vietjetair.com/Sites/Web/en-US/Home]]>
              </value>
            </param>
          </params>
          <reporter-output>
          </reporter-output>
        </test-method> <!-- beforeMethod -->
        <test-method status="FAIL" signature="TC01()[pri:0, instance:tests.VietJet.TS_VietJet_ThanhTestReport@6acdbdf5]" name="TC01" duration-ms="417" started-at="2020-03-17T14:00:08 ICT" description="Search and choose tickets on a specific day successfully." finished-at="2020-03-17T14:00:08 ICT">
          <exception class="org.openqa.selenium.support.ui.UnexpectedTagNameException">
            <message>
              <![CDATA[Element should have been "select" but was "span"
Build info: version: '3.11.0', revision: 'e59cfb3', time: '2018-03-11T20:26:55.152Z'
System info: host: 'LGVN14410', ip: '192.168.170.212', os.name: 'Windows 10', os.arch: 'amd64', os.version: '10.0', java.version: '1.8.0_66'
Driver info: driver.version: unknown]]>
            </message>
            <full-stacktrace>
              <![CDATA[org.openqa.selenium.support.ui.UnexpectedTagNameException: Element should have been "select" but was "span"
Build info: version: '3.11.0', revision: 'e59cfb3', time: '2018-03-11T20:26:55.152Z'
System info: host: 'LGVN14410', ip: '192.168.170.212', os.name: 'Windows 10', os.arch: 'amd64', os.version: '10.0', java.version: '1.8.0_66'
Driver info: driver.version: unknown
at org.openqa.selenium.support.ui.Select.<init>(Select.java:47)
at pages.VietJet.HomePage.selectOrigin(HomePage.java:20)
at tests.VietJet.TS_VietJet_ThanhTestReport.TC01(TS_VietJet_ThanhTestReport.java:15)
at sun.reflect.NativeMethodAccessorImpl.invoke0(Native Method)
at sun.reflect.NativeMethodAccessorImpl.invoke(NativeMethodAccessorImpl.java:62)
at sun.reflect.DelegatingMethodAccessorImpl.invoke(DelegatingMethodAccessorImpl.java:43)
at java.lang.reflect.Method.invoke(Method.java:497)
at org.testng.internal.MethodInvocationHelper.invokeMethod(MethodInvocationHelper.java:133)
at org.testng.internal.TestInvoker.invokeMethod(TestInvoker.java:584)
at org.testng.internal.TestInvoker.invokeTestMethod(TestInvoker.java:172)
at org.testng.internal.MethodRunner.runInSequence(MethodRunner.java:46)
at org.testng.internal.TestInvoker$MethodInvocationAgent.invoke(TestInvoker.java:804)
at org.testng.internal.TestInvoker.invokeTestMethods(TestInvoker.java:145)
at org.testng.internal.TestMethodWorker.invokeTestMethods(TestMethodWorker.java:146)
at org.testng.internal.TestMethodWorker.run(TestMethodWorker.java:128)
at java.util.concurrent.ThreadPoolExecutor.runWorker(ThreadPoolExecutor.java:1142)
at java.util.concurrent.ThreadPoolExecutor$Worker.run(ThreadPoolExecutor.java:617)
at java.lang.Thread.run(Thread.java:745)
]]>
            </full-stacktrace>
          </exception> <!-- org.openqa.selenium.support.ui.UnexpectedTagNameException -->
          <reporter-output>
            <line>
              <![CDATA[<b>INFO: </b>1. Navigate to 'https://www.vietjetair.com/Sites/Web/en-US/Home'.]]>
            </line>
            <line>
              <![CDATA[<b>INFO: </b>*** Test execution TC01 failed...]]>
            </line>
            <line>
              <![CDATA[<b>INFO: </b>TC01 failed!]]>
            </line>
            <line>
              <![CDATA[<b>INFO: </b>D:\03_Training\01_Selenium Java\Level3\SeleniumJava\SeleniumLevel3\TestReport\screenshots\50c8c00a-41c0-42e4-b965-1e58e82e95e9.png]]>
            </line>
            <line>
              <![CDATA[<b>INFO: </b>50c8c00a-41c0-42e4-b965-1e58e82e95e9]]>
            </line>
            <line>
              <![CDATA[<b>INFO: </b>D:\03_Training\01_Selenium Java\Level3\SeleniumJava\SeleniumLevel3\TestReport\screenshots]]>
            </line>
          </reporter-output>
        </test-method> <!-- TC01 -->
        <test-method status="PASS" signature="cleanUp(org.testng.ITestResult)[pri:0, instance:tests.VietJet.TS_VietJet_ThanhTestReport@6acdbdf5]" name="cleanUp" is-config="true" duration-ms="1238" started-at="2020-03-17T14:00:09 ICT" finished-at="2020-03-17T14:00:10 ICT">
          <params>
            <param index="0">
              <value>
                <![CDATA[[TestResult name=TC01 status=FAILURE method=TS_VietJet_ThanhTestReport.TC01()[pri:0, instance:tests.VietJet.TS_VietJet_ThanhTestReport@6acdbdf5] output=<b>INFO: </b>1. Navigate to 'https://www.vietjetair.com/Sites/Web/en-US/Home'.]]]>
              </value>
            </param>
          </params>
          <reporter-output>
          </reporter-output>
        </test-method> <!-- cleanUp -->
      </class> <!-- tests.VietJet.TS_VietJet_ThanhTestReport -->
    </test> <!-- Run Chrome -->
  </suite> <!-- Suite -->
</testng-results>
