<?xml version="1.0" encoding="UTF-8"?>
<!-- Generated by org.testng.reporters.JUnitReportReporter -->
<testsuite skipped="0" hostname="lgvn14410" name="tests.VietJet.TS_VietJet_ThanhHoang" tests="1" failures="0" timestamp="2020-03-27T09:49:01 ICT" time="688.936" errors="1">
  <testcase name="TC02" time="688.936" classname="tests.VietJet.TS_VietJet_ThanhHoang">
    <error type="org.openqa.selenium.TimeoutException" message="Timeout when wait for element &#039;By.xpath: //div[@style=&#039;float: left&#039;]/h1&#039; is &#039;displayed&#039; within 30 seconds
Build info: version: &#039;3.11.0&#039;, revision: &#039;e59cfb3&#039;, time: &#039;2018-03-11T20:26:55.152Z&#039;
System info: host: &#039;LGVN14410&#039;, ip: &#039;192.168.170.212&#039;, os.name: &#039;Windows 10&#039;, os.arch: &#039;amd64&#039;, os.version: &#039;10.0&#039;, java.version: &#039;1.8.0_66&#039;
Driver info: driver.version: unknown">
      <![CDATA[org.openqa.selenium.TimeoutException: Timeout when wait for element 'By.xpath: //div[@style='float: left']/h1' is 'displayed' within 30 seconds
Build info: version: '3.11.0', revision: 'e59cfb3', time: '2018-03-11T20:26:55.152Z'
System info: host: 'LGVN14410', ip: '192.168.170.212', os.name: 'Windows 10', os.arch: 'amd64', os.version: '10.0', java.version: '1.8.0_66'
Driver info: driver.version: unknown
at element.base.web.IWaiter.waitForCondition(IWaiter.java:95)
at element.base.web.IWaiter.waitForDisplayed(IWaiter.java:120)
at pages.VietJet.SelectTravelOptionsPage.getPageTitle(SelectTravelOptionsPage.java:191)
at tests.VietJet.TS_VietJet_ThanhHoang.TC02(TS_VietJet_ThanhHoang.java:52)
at sun.reflect.NativeMethodAccessorImpl.invoke0(Native Method)
at sun.reflect.NativeMethodAccessorImpl.invoke(NativeMethodAccessorImpl.java:62)
at sun.reflect.DelegatingMethodAccessorImpl.invoke(DelegatingMethodAccessorImpl.java:43)
at java.lang.reflect.Method.invoke(Method.java:497)
at org.testng.internal.MethodInvocationHelper.invokeMethod(MethodInvocationHelper.java:133)
at org.testng.internal.TestInvoker.invokeMethod(TestInvoker.java:584)
at org.testng.internal.TestInvoker.invokeTestMethod(TestInvoker.java:172)
at org.testng.internal.MethodRunner.runInSequence(MethodRunner.java:46)
at org.testng.internal.TestInvoker$MethodInvocationAgent.invoke(TestInvoker.java:804)
at org.testng.internal.TestInvoker.invokeTestMethods(TestInvoker.java:145)
at org.testng.internal.TestMethodWorker.invokeTestMethods(TestMethodWorker.java:146)
at org.testng.internal.TestMethodWorker.run(TestMethodWorker.java:128)
at java.util.concurrent.ThreadPoolExecutor.runWorker(ThreadPoolExecutor.java:1142)
at java.util.concurrent.ThreadPoolExecutor$Worker.run(ThreadPoolExecutor.java:617)
at java.lang.Thread.run(Thread.java:745)
]]>
    </error>
  </testcase> <!-- TC02 -->
</testsuite> <!-- tests.VietJet.TS_VietJet_ThanhHoang -->
