<?xml version="1.0" encoding="UTF-8"?>
<!-- Generated by org.testng.reporters.JUnitXMLReporter -->
<testsuite hostname="lgvn14410" ignored="0" name="Run Chrome" tests="2" failures="1" timestamp="2020-03-19T10:52:07 ICT" time="36.862" errors="0">
  <testcase name="TC01" time="0.439" classname="tests.vietjet.TS_VietJet_ThanhHoang"/>
  <testcase name="TC02" time="0.22" classname="tests.vietjet.TS_VietJet_ThanhHoang">
    <failure type="java.lang.AssertionError" message="expected [False] but found [true]">
      <![CDATA[java.lang.AssertionError: expected [False] but found [true]
at pages.vietjet.HomePage.checkControlNotDisplay(HomePage.java:23)
at tests.vietjet.TS_VietJet_ThanhHoang.TC02(TS_VietJet_ThanhHoang.java:23)
at java.util.concurrent.ThreadPoolExecutor.runWorker(ThreadPoolExecutor.java:1142)
at java.util.concurrent.ThreadPoolExecutor$Worker.run(ThreadPoolExecutor.java:617)
at java.lang.Thread.run(Thread.java:745)
... Removed 16 stack frames]]>
    </failure>
  </testcase> <!-- TC02 -->
</testsuite> <!-- Run Chrome -->
